<?xml version="1.0" encoding="UTF-8"?>
<!-- Generated by org.testng.reporters.JUnitXMLReporter -->
<testsuite ignored="0" hostname="LAPTOP-2TRHI9P1" failures="0" tests="4" name="Regression" time="0.039" errors="0" timestamp="2023-04-05T18:45:51 IST">
  <testcase classname="com.ice_hrm_automation.TestingExamples.NewTest" name="addition" time="0.008"/>
  <testcase classname="com.ice_hrm_automation.TestingExamples.NewTest" name="division" time="0.003"/>
  <testcase classname="com.ice_hrm_automation.TestingExamples.NewTest" name="multiplication" time="0.001"/>
  <testcase classname="com.ice_hrm_automation.TestingExamples.NewTest" name="substraction" time="0.001"/>
</testsuite> <!-- Regression -->
