<?xml version="1.0" encoding="UTF-8"?>
<testng-results ignored="0" total="1" passed="1" failed="0" skipped="0">
  <reporter-output>
  </reporter-output>
  <suite started-at="2023-04-18T14:34:24 IST" name="Default suite" finished-at="2023-04-18T14:34:51 IST" duration-ms="26516">
    <groups>
    </groups>
    <test started-at="2023-04-18T14:34:24 IST" name="Default test" finished-at="2023-04-18T14:34:51 IST" duration-ms="26516">
      <class name="TestNgAnnotations.EmpTest">
        <test-method is-config="true" signature="before()[pri:0, instance:TestNgAnnotations.EmpTest@411f53a0]" started-at="2023-04-18T14:34:24 IST" name="before" finished-at="2023-04-18T14:34:24 IST" duration-ms="6" status="PASS">
          <reporter-output>
          </reporter-output>
        </test-method> <!-- before -->
        <test-method signature="ligin()[pri:0, instance:TestNgAnnotations.EmpTest@411f53a0]" started-at="2023-04-18T14:34:24 IST" name="ligin" finished-at="2023-04-18T14:34:51 IST" duration-ms="26488" status="PASS">
          <reporter-output>
          </reporter-output>
        </test-method> <!-- ligin -->
      </class> <!-- TestNgAnnotations.EmpTest -->
    </test> <!-- Default test -->
  </suite> <!-- Default suite -->
</testng-results>
